2021-12-02 08:53:20.672  WARN 4888 --- [restartedMain] JpaBaseConfiguration$JpaWebConfiguration : spring.jpa.open-in-view is enabled by default. Therefore, database queries may be performed during view rendering. Explicitly configure spring.jpa.open-in-view to disable this warning
2021-12-02 09:01:33.069  WARN 4888 --- [http-nio-8080-exec-7] .w.s.m.s.DefaultHandlerExceptionResolver : Resolved [org.springframework.web.bind.MethodArgumentNotValidException: Validation failed for argument [0] in public org.springframework.http.ResponseEntity<com.bridgelabz.addressbookapp.response.Response> com.bridgelabz.addressbookapp.controller.AddressBookController.saveContacts(com.bridgelabz.addressbookapp.model.ContactInfo) with 7 errors: [Field error in object 'contactInfo' on field 'state': rejected value []; codes [Pattern.contactInfo.state,Pattern.state,Pattern.java.lang.String,Pattern]; arguments [org.springframework.context.support.DefaultMessageSourceResolvable: codes [contactInfo.state,state]; arguments []; default message [state],[Ljavax.validation.constraints.Pattern$Flag;@3ac5dd26,^[A-Z]{1,}[a-zA-z\s]{2,}$]; default message [State is invalid]] [Field error in object 'contactInfo' on field 'firstName': rejected value []; codes [Pattern.contactInfo.firstName,Pattern.firstName,Pattern.java.lang.String,Pattern]; arguments [org.springframework.context.support.DefaultMessageSourceResolvable: codes [contactInfo.firstName,firstName]; arguments []; default message [firstName],[Ljavax.validation.constraints.Pattern$Flag;@3ac5dd26,^[A-Z]{1,}[a-zA-z\s]{2,}$]; default message [FirstName is invalid]] [Field error in object 'contactInfo' on field 'address': rejected value []; codes [Pattern.contactInfo.address,Pattern.address,Pattern.java.lang.String,Pattern]; arguments [org.springframework.context.support.DefaultMessageSourceResolvable: codes [contactInfo.address,address]; arguments []; default message [address],[Ljavax.validation.constraints.Pattern$Flag;@3ac5dd26,^[A-Z]{1,}[a-zA-z\s]{2,}$]; default message [Address is invalid]] [Field error in object 'contactInfo' on field 'phone': rejected value []; codes [Pattern.contactInfo.phone,Pattern.phone,Pattern.java.lang.String,Pattern]; arguments [org.springframework.context.support.DefaultMessageSourceResolvable: codes [contactInfo.phone,phone]; arguments []; default message [phone],[Ljavax.validation.constraints.Pattern$Flag;@3ac5dd26,^^[0-9]{2}?[\s,-]{0,1}[7-9]{1}[0-9]{9}$]; default message [Invalid Phone number]] [Field error in object 'contactInfo' on field 'lastName': rejected value []; codes [Pattern.contactInfo.lastName,Pattern.lastName,Pattern.java.lang.String,Pattern]; arguments [org.springframework.context.support.DefaultMessageSourceResolvable: codes [contactInfo.lastName,lastName]; arguments []; default message [lastName],[Ljavax.validation.constraints.Pattern$Flag;@3ac5dd26,^[A-Z]{1,}[a-zA-z\s]{2,}$]; default message [LastName is invalid]] [Field error in object 'contactInfo' on field 'city': rejected value []; codes [Pattern.contactInfo.city,Pattern.city,Pattern.java.lang.String,Pattern]; arguments [org.springframework.context.support.DefaultMessageSourceResolvable: codes [contactInfo.city,city]; arguments []; default message [city],[Ljavax.validation.constraints.Pattern$Flag;@3ac5dd26,^[A-Z]{1,}[a-zA-z\s]{2,}$]; default message [Zip is invalid]] [Field error in object 'contactInfo' on field 'zip': rejected value []; codes [Pattern.contactInfo.zip,Pattern.zip,Pattern.java.lang.String,Pattern]; arguments [org.springframework.context.support.DefaultMessageSourceResolvable: codes [contactInfo.zip,zip]; arguments []; default message [zip],[Ljavax.validation.constraints.Pattern$Flag;@3ac5dd26,^[0-9]{3}\s{0,1}[0-9]{3}$]; default message [Invalid Zip]] ]
2021-12-02 09:47:09.611  WARN 4888 --- [restartedMain] ConfigServletWebServerApplicationContext : Exception encountered during context initialization - cancelling refresh attempt: org.springframework.beans.factory.BeanCreationException: Error creating bean with name 'addressBookController' defined in file [D:\MeghaWorkplace\addressbookapp\target\classes\com\bridgelabz\addressbookapp\controller\AddressBookController.class]: Instantiation of bean failed; nested exception is org.springframework.beans.BeanInstantiationException: Failed to instantiate [com.bridgelabz.addressbookapp.controller.AddressBookController]: Constructor threw exception; nested exception is java.lang.Error: Unresolved compilation problems: 
	Invalid character constant
	Invalid character constant

2021-12-02 09:47:09.939 ERROR 4888 --- [restartedMain] o.s.boot.SpringApplication               : Application run failed

org.springframework.beans.factory.BeanCreationException: Error creating bean with name 'addressBookController' defined in file [D:\MeghaWorkplace\addressbookapp\target\classes\com\bridgelabz\addressbookapp\controller\AddressBookController.class]: Instantiation of bean failed; nested exception is org.springframework.beans.BeanInstantiationException: Failed to instantiate [com.bridgelabz.addressbookapp.controller.AddressBookController]: Constructor threw exception; nested exception is java.lang.Error: Unresolved compilation problems: 
	Invalid character constant
	Invalid character constant

	at org.springframework.beans.factory.support.AbstractAutowireCapableBeanFactory.instantiateBean(AbstractAutowireCapableBeanFactory.java:1334) ~[spring-beans-5.3.12.jar:5.3.12]
	at org.springframework.beans.factory.support.AbstractAutowireCapableBeanFactory.createBeanInstance(AbstractAutowireCapableBeanFactory.java:1232) ~[spring-beans-5.3.12.jar:5.3.12]
	at org.springframework.beans.factory.support.AbstractAutowireCapableBeanFactory.doCreateBean(AbstractAutowireCapableBeanFactory.java:582) ~[spring-beans-5.3.12.jar:5.3.12]
	at org.springframework.beans.factory.support.AbstractAutowireCapableBeanFactory.createBean(AbstractAutowireCapableBeanFactory.java:542) ~[spring-beans-5.3.12.jar:5.3.12]
	at org.springframework.beans.factory.support.AbstractBeanFactory.lambda$doGetBean$0(AbstractBeanFactory.java:335) ~[spring-beans-5.3.12.jar:5.3.12]
	at org.springframework.beans.factory.support.DefaultSingletonBeanRegistry.getSingleton(DefaultSingletonBeanRegistry.java:234) ~[spring-beans-5.3.12.jar:5.3.12]
	at org.springframework.beans.factory.support.AbstractBeanFactory.doGetBean(AbstractBeanFactory.java:333) ~[spring-beans-5.3.12.jar:5.3.12]
	at org.springframework.beans.factory.support.AbstractBeanFactory.getBean(AbstractBeanFactory.java:208) ~[spring-beans-5.3.12.jar:5.3.12]
	at org.springframework.beans.factory.support.DefaultListableBeanFactory.preInstantiateSingletons(DefaultListableBeanFactory.java:944) ~[spring-beans-5.3.12.jar:5.3.12]
	at org.springframework.context.support.AbstractApplicationContext.finishBeanFactoryInitialization(AbstractApplicationContext.java:918) ~[spring-context-5.3.12.jar:5.3.12]
	at org.springframework.context.support.AbstractApplicationContext.refresh(AbstractApplicationContext.java:583) ~[spring-context-5.3.12.jar:5.3.12]
	at org.springframework.boot.web.servlet.context.ServletWebServerApplicationContext.refresh(ServletWebServerApplicationContext.java:145) ~[spring-boot-2.5.6.jar:2.5.6]
	at org.springframework.boot.SpringApplication.refresh(SpringApplication.java:754) [spring-boot-2.5.6.jar:2.5.6]
	at org.springframework.boot.SpringApplication.refreshContext(SpringApplication.java:434) [spring-boot-2.5.6.jar:2.5.6]
	at org.springframework.boot.SpringApplication.run(SpringApplication.java:338) [spring-boot-2.5.6.jar:2.5.6]
	at org.springframework.boot.SpringApplication.run(SpringApplication.java:1343) [spring-boot-2.5.6.jar:2.5.6]
	at org.springframework.boot.SpringApplication.run(SpringApplication.java:1332) [spring-boot-2.5.6.jar:2.5.6]
	at com.bridgelabz.addressbookapp.AddressbookappApplication.main(AddressbookappApplication.java:14) [classes/:na]
	at sun.reflect.NativeMethodAccessorImpl.invoke0(Native Method) ~[na:1.8.0_261]
	at sun.reflect.NativeMethodAccessorImpl.invoke(Unknown Source) ~[na:1.8.0_261]
	at sun.reflect.DelegatingMethodAccessorImpl.invoke(Unknown Source) ~[na:1.8.0_261]
	at java.lang.reflect.Method.invoke(Unknown Source) ~[na:1.8.0_261]
	at org.springframework.boot.devtools.restart.RestartLauncher.run(RestartLauncher.java:49) [spring-boot-devtools-2.5.6.jar:2.5.6]
Caused by: org.springframework.beans.BeanInstantiationException: Failed to instantiate [com.bridgelabz.addressbookapp.controller.AddressBookController]: Constructor threw exception; nested exception is java.lang.Error: Unresolved compilation problems: 
	Invalid character constant
	Invalid character constant

	at org.springframework.beans.BeanUtils.instantiateClass(BeanUtils.java:224) ~[spring-beans-5.3.12.jar:5.3.12]
	at org.springframework.beans.factory.support.SimpleInstantiationStrategy.instantiate(SimpleInstantiationStrategy.java:87) ~[spring-beans-5.3.12.jar:5.3.12]
	at org.springframework.beans.factory.support.AbstractAutowireCapableBeanFactory.instantiateBean(AbstractAutowireCapableBeanFactory.java:1326) ~[spring-beans-5.3.12.jar:5.3.12]
	... 22 common frames omitted
Caused by: java.lang.Error: Unresolved compilation problems: 
	Invalid character constant
	Invalid character constant

	at com.bridgelabz.addressbookapp.controller.AddressBookController.<init>(AddressBookController.java:70) ~[classes/:na]
	at sun.reflect.NativeConstructorAccessorImpl.newInstance0(Native Method) ~[na:1.8.0_261]
	at sun.reflect.NativeConstructorAccessorImpl.newInstance(Unknown Source) ~[na:1.8.0_261]
	at sun.reflect.DelegatingConstructorAccessorImpl.newInstance(Unknown Source) ~[na:1.8.0_261]
	at java.lang.reflect.Constructor.newInstance(Unknown Source) ~[na:1.8.0_261]
	at org.springframework.beans.BeanUtils.instantiateClass(BeanUtils.java:211) ~[spring-beans-5.3.12.jar:5.3.12]
	... 24 common frames omitted

2021-12-02 09:49:54.098  WARN 7552 --- [restartedMain] JpaBaseConfiguration$JpaWebConfiguration : spring.jpa.open-in-view is enabled by default. Therefore, database queries may be performed during view rendering. Explicitly configure spring.jpa.open-in-view to disable this warning
2021-12-02 10:11:00.635  WARN 7552 --- [restartedMain] JpaBaseConfiguration$JpaWebConfiguration : spring.jpa.open-in-view is enabled by default. Therefore, database queries may be performed during view rendering. Explicitly configure spring.jpa.open-in-view to disable this warning
